
2013-02-14 09:17:11 : array (
  'mc_gross' => '25.00',
  'protection_eligibility' => 'Ineligible',
  'address_status' => 'confirmed',
  'payer_id' => 'CTTNBYD4MYVKQ',
  'tax' => '0.00',
  'address_street' => '1 Main St',
  'payment_date' => '00:17:02 Feb 14, 2013 PST',
  'payment_status' => 'Completed',
  'charset' => 'windows-1252',
  'address_zip' => '95131',
  'first_name' => 'buy',
  'mc_fee' => '1.23',
  'address_country_code' => 'US',
  'address_name' => 'buy persone',
  'notify_version' => '3.7',
  'custom' => 'action=subscribe&uid=1&duration=2',
  'payer_status' => 'verified',
  'business' => 'seller_1360811542_biz@free.fr',
  'address_country' => 'United States',
  'address_city' => 'San Jose',
  'quantity' => '1',
  'verify_sign' => 'AF.IOk8F5ltsi2m2baNielv6SxHwAi6bGrwQ2YQlZ4XgA6kYT8ABoJx6',
  'payer_email' => 'buyer_1360811488_per@free.fr',
  'txn_id' => '83S72252EW386662V',
  'payment_type' => 'instant',
  'btn_id' => '2708571',
  'last_name' => 'persone',
  'address_state' => 'CA',
  'receiver_email' => 'seller_1360811542_biz@free.fr',
  'payment_fee' => '',
  'shipping_discount' => '0.00',
  'insurance_amount' => '0.00',
  'receiver_id' => 'UD6LDRVDB4GGE',
  'txn_type' => 'web_accept',
  'item_name' => 'Compte premium 2 mois',
  'discount' => '0.00',
  'mc_currency' => 'EUR',
  'item_number' => '',
  'residence_country' => 'US',
  'test_ipn' => '1',
  'shipping_method' => 'Default',
  'handling_amount' => '0.00',
  'transaction_subject' => 'action=subscribe&uid=1&duration=2',
  'payment_gross' => '',
  'shipping' => '0.00',
  'ipn_track_id' => '3201ab5b873d9',
)
2013-02-14 09:17:11 : INSERT INTO transaction ( `price`, `tax`, `paypal_id`, `user_id`, `action`, `amount`, `status`, `date` ) VALUES( '25', '0.00', '83S72252EW386662V', '1', 'subscribe', '2', '1', NOW() )
2013-02-14 09:46:47 : array (
  'mc_gross' => '25.00',
  'protection_eligibility' => 'Ineligible',
  'address_status' => 'confirmed',
  'payer_id' => 'CTTNBYD4MYVKQ',
  'tax' => '0.00',
  'address_street' => '1 Main St',
  'payment_date' => '00:46:38 Feb 14, 2013 PST',
  'payment_status' => 'Completed',
  'charset' => 'windows-1252',
  'address_zip' => '95131',
  'first_name' => 'buy',
  'mc_fee' => '1.23',
  'address_country_code' => 'US',
  'address_name' => 'buy persone',
  'notify_version' => '3.7',
  'custom' => 'action=subscribe&uid=1&duration=2',
  'payer_status' => 'verified',
  'business' => 'seller_1360811542_biz@free.fr',
  'address_country' => 'United States',
  'address_city' => 'San Jose',
  'quantity' => '1',
  'verify_sign' => 'AhrFxllJHbAWFV4j-idw2r-81eraAQeJsdVmEFR-SufQfybep33ihm3-',
  'payer_email' => 'buyer_1360811488_per@free.fr',
  'txn_id' => '5DU23596E87597009',
  'payment_type' => 'instant',
  'btn_id' => '2708604',
  'last_name' => 'persone',
  'address_state' => 'CA',
  'receiver_email' => 'seller_1360811542_biz@free.fr',
  'payment_fee' => '',
  'shipping_discount' => '0.00',
  'insurance_amount' => '0.00',
  'receiver_id' => 'UD6LDRVDB4GGE',
  'txn_type' => 'web_accept',
  'item_name' => 'Compte premium 2 mois',
  'discount' => '0.00',
  'mc_currency' => 'EUR',
  'item_number' => '',
  'residence_country' => 'US',
  'test_ipn' => '1',
  'shipping_method' => 'Default',
  'handling_amount' => '0.00',
  'transaction_subject' => 'action=subscribe&uid=1&duration=2',
  'payment_gross' => '',
  'shipping' => '0.00',
  'ipn_track_id' => '6597037b81597',
)
2013-02-14 09:48:27 : array (
  'mc_gross' => '25.00',
  'protection_eligibility' => 'Ineligible',
  'address_status' => 'confirmed',
  'payer_id' => 'CTTNBYD4MYVKQ',
  'tax' => '0.00',
  'address_street' => '1 Main St',
  'payment_date' => '00:48:19 Feb 14, 2013 PST',
  'payment_status' => 'Completed',
  'charset' => 'windows-1252',
  'address_zip' => '95131',
  'first_name' => 'buy',
  'mc_fee' => '1.23',
  'address_country_code' => 'US',
  'address_name' => 'buy persone',
  'notify_version' => '3.7',
  'custom' => 'action=subscribe&uid=1&duration=2',
  'payer_status' => 'verified',
  'business' => 'seller_1360811542_biz@free.fr',
  'address_country' => 'United States',
  'address_city' => 'San Jose',
  'quantity' => '1',
  'verify_sign' => 'AwV-78CutyovuPzBJLcf2wYiQ5WUAl2eV2UtlA88.k8Xwl1n6a-UY4J0',
  'payer_email' => 'buyer_1360811488_per@free.fr',
  'txn_id' => '07Y822760C731323E',
  'payment_type' => 'instant',
  'btn_id' => '2708607',
  'last_name' => 'persone',
  'address_state' => 'CA',
  'receiver_email' => 'seller_1360811542_biz@free.fr',
  'payment_fee' => '',
  'shipping_discount' => '0.00',
  'insurance_amount' => '0.00',
  'receiver_id' => 'UD6LDRVDB4GGE',
  'txn_type' => 'web_accept',
  'item_name' => 'Compte premium 2 mois',
  'discount' => '0.00',
  'mc_currency' => 'EUR',
  'item_number' => '',
  'residence_country' => 'US',
  'test_ipn' => '1',
  'shipping_method' => 'Default',
  'handling_amount' => '0.00',
  'transaction_subject' => 'action=subscribe&uid=1&duration=2',
  'payment_gross' => '',
  'shipping' => '0.00',
  'ipn_track_id' => '7490e3d03e956',
)
2013-02-14 10:01:01 : array (
  'mc_gross' => '25.00',
  'protection_eligibility' => 'Ineligible',
  'address_status' => 'confirmed',
  'payer_id' => 'CTTNBYD4MYVKQ',
  'tax' => '0.00',
  'address_street' => '1 Main St',
  'payment_date' => '01:00:54 Feb 14, 2013 PST',
  'payment_status' => 'Completed',
  'charset' => 'windows-1252',
  'address_zip' => '95131',
  'first_name' => 'buy',
  'mc_fee' => '1.23',
  'address_country_code' => 'US',
  'address_name' => 'buy persone',
  'notify_version' => '3.7',
  'custom' => 'action=subscribe&uid=1&duration=2',
  'payer_status' => 'verified',
  'business' => 'seller_1360811542_biz@free.fr',
  'address_country' => 'United States',
  'address_city' => 'San Jose',
  'quantity' => '1',
  'verify_sign' => 'AuNuAUTiNoTbjW267dbQ6M.dWFH4AI5tOhLPiUJVNyz9WS88l20cvhSX',
  'payer_email' => 'buyer_1360811488_per@free.fr',
  'txn_id' => '5995632632932703S',
  'payment_type' => 'instant',
  'btn_id' => '2708627',
  'last_name' => 'persone',
  'address_state' => 'CA',
  'receiver_email' => 'seller_1360811542_biz@free.fr',
  'payment_fee' => '',
  'shipping_discount' => '0.00',
  'insurance_amount' => '0.00',
  'receiver_id' => 'UD6LDRVDB4GGE',
  'txn_type' => 'web_accept',
  'item_name' => 'Compte premium 2 mois',
  'discount' => '0.00',
  'mc_currency' => 'EUR',
  'item_number' => '',
  'residence_country' => 'US',
  'test_ipn' => '1',
  'shipping_method' => 'Default',
  'handling_amount' => '0.00',
  'transaction_subject' => 'action=subscribe&uid=1&duration=2',
  'payment_gross' => '',
  'shipping' => '0.00',
  'ipn_track_id' => 'a48374e7896e',
)
2013-02-14 10:05:01 : array (
  'mc_gross' => '25.00',
  'protection_eligibility' => 'Ineligible',
  'address_status' => 'confirmed',
  'payer_id' => 'CTTNBYD4MYVKQ',
  'tax' => '0.00',
  'address_street' => '1 Main St',
  'payment_date' => '01:04:51 Feb 14, 2013 PST',
  'payment_status' => 'Completed',
  'charset' => 'windows-1252',
  'address_zip' => '95131',
  'first_name' => 'buy',
  'mc_fee' => '1.23',
  'address_country_code' => 'US',
  'address_name' => 'buy persone',
  'notify_version' => '3.7',
  'custom' => 'action=subscribe&uid=1&duration=2',
  'payer_status' => 'verified',
  'business' => 'seller_1360811542_biz@free.fr',
  'address_country' => 'United States',
  'address_city' => 'San Jose',
  'quantity' => '1',
  'verify_sign' => 'AFcWxV21C7fd0v3bYYYRCpSSRl31AKAIV3tZaMGAZkLAzA3AIeLoz-Q8',
  'payer_email' => 'buyer_1360811488_per@free.fr',
  'txn_id' => '3NJ40243W23528217',
  'payment_type' => 'instant',
  'btn_id' => '2708631',
  'last_name' => 'persone',
  'address_state' => 'CA',
  'receiver_email' => 'seller_1360811542_biz@free.fr',
  'payment_fee' => '',
  'shipping_discount' => '0.00',
  'insurance_amount' => '0.00',
  'receiver_id' => 'UD6LDRVDB4GGE',
  'txn_type' => 'web_accept',
  'item_name' => 'Compte premium 2 mois',
  'discount' => '0.00',
  'mc_currency' => 'EUR',
  'item_number' => '',
  'residence_country' => 'US',
  'test_ipn' => '1',
  'shipping_method' => 'Default',
  'handling_amount' => '0.00',
  'transaction_subject' => 'action=subscribe&uid=1&duration=2',
  'payment_gross' => '',
  'shipping' => '0.00',
  'ipn_track_id' => '82948ee28a2ef',
)
2013-02-14 10:10:32 : array (
  'mc_gross' => '10.00',
  'protection_eligibility' => 'Ineligible',
  'address_status' => 'confirmed',
  'payer_id' => 'CTTNBYD4MYVKQ',
  'tax' => '0.00',
  'address_street' => '1 Main St',
  'payment_date' => '01:10:20 Feb 14, 2013 PST',
  'payment_status' => 'Completed',
  'charset' => 'windows-1252',
  'address_zip' => '95131',
  'first_name' => 'buy',
  'mc_fee' => '0.64',
  'address_country_code' => 'US',
  'address_name' => 'buy persone',
  'notify_version' => '3.7',
  'custom' => 'action=subscribe&uid=1&duration=1',
  'payer_status' => 'verified',
  'business' => 'seller_1360811542_biz@free.fr',
  'address_country' => 'United States',
  'address_city' => 'San Jose',
  'quantity' => '1',
  'verify_sign' => 'Ai1PaghZh5FmBLCDCTQpwG8jB264AX45mqIp57CwrSB97zmcqhkQtUc6',
  'payer_email' => 'buyer_1360811488_per@free.fr',
  'txn_id' => '2YM140550C4345710',
  'payment_type' => 'instant',
  'btn_id' => '2708634',
  'last_name' => 'persone',
  'address_state' => 'CA',
  'receiver_email' => 'seller_1360811542_biz@free.fr',
  'payment_fee' => '',
  'shipping_discount' => '0.00',
  'insurance_amount' => '0.00',
  'receiver_id' => 'UD6LDRVDB4GGE',
  'txn_type' => 'web_accept',
  'item_name' => 'Compte premium 1 mois',
  'discount' => '0.00',
  'mc_currency' => 'EUR',
  'item_number' => '',
  'residence_country' => 'US',
  'test_ipn' => '1',
  'shipping_method' => 'Default',
  'handling_amount' => '0.00',
  'transaction_subject' => 'action=subscribe&uid=1&duration=1',
  'payment_gross' => '',
  'shipping' => '0.00',
  'ipn_track_id' => '136f11d5b6818',
)
2013-02-14 10:12:11 : array (
  'mc_gross' => '50.00',
  'protection_eligibility' => 'Ineligible',
  'address_status' => 'confirmed',
  'payer_id' => 'CTTNBYD4MYVKQ',
  'tax' => '0.00',
  'address_street' => '1 Main St',
  'payment_date' => '01:12:01 Feb 14, 2013 PST',
  'payment_status' => 'Completed',
  'charset' => 'windows-1252',
  'address_zip' => '95131',
  'first_name' => 'buy',
  'mc_fee' => '2.20',
  'address_country_code' => 'US',
  'address_name' => 'buy persone',
  'notify_version' => '3.7',
  'custom' => 'action=subscribe&uid=1&duration=3',
  'payer_status' => 'verified',
  'business' => 'seller_1360811542_biz@free.fr',
  'address_country' => 'United States',
  'address_city' => 'San Jose',
  'quantity' => '1',
  'verify_sign' => 'An5ns1Kso7MWUdW4ErQKJJJ4qi4-AATasJvFdJuKz6BmKTfw0CfvYnLH',
  'payer_email' => 'buyer_1360811488_per@free.fr',
  'txn_id' => '2D771634P2400324K',
  'payment_type' => 'instant',
  'btn_id' => '2708635',
  'last_name' => 'persone',
  'address_state' => 'CA',
  'receiver_email' => 'seller_1360811542_biz@free.fr',
  'payment_fee' => '',
  'shipping_discount' => '0.00',
  'insurance_amount' => '0.00',
  'receiver_id' => 'UD6LDRVDB4GGE',
  'txn_type' => 'web_accept',
  'item_name' => 'Compte premium 3 mois',
  'discount' => '0.00',
  'mc_currency' => 'EUR',
  'item_number' => '',
  'residence_country' => 'US',
  'test_ipn' => '1',
  'shipping_method' => 'Default',
  'handling_amount' => '0.00',
  'transaction_subject' => 'action=subscribe&uid=1&duration=3',
  'payment_gross' => '',
  'shipping' => '0.00',
  'ipn_track_id' => '18b63b53b3b8b',
)
2013-02-16 17:05:41 : array (
  'mc_gross' => '6.00',
  'protection_eligibility' => 'Ineligible',
  'address_status' => 'confirmed',
  'payer_id' => 'CTTNBYD4MYVKQ',
  'tax' => '0.00',
  'address_street' => '1 Main St',
  'payment_date' => '08:05:30 Feb 16, 2013 PST',
  'payment_status' => 'Completed',
  'charset' => 'windows-1252',
  'address_zip' => '95131',
  'first_name' => 'buy',
  'mc_fee' => '0.48',
  'address_country_code' => 'US',
  'address_name' => 'buy persone',
  'notify_version' => '3.7',
  'custom' => 'action=subscribe&uid=1&duration=3',
  'payer_status' => 'verified',
  'business' => 'seller_1360811542_biz@free.fr',
  'address_country' => 'United States',
  'address_city' => 'San Jose',
  'quantity' => '1',
  'verify_sign' => 'AbS0UM7z8Mbj4pkIBqg1MeQ6FUikACpm7O3Y2jX4uoHdAZVmc.ztA80J',
  'payer_email' => 'buyer_1360811488_per@free.fr',
  'txn_id' => '8S252207A8748291R',
  'payment_type' => 'instant',
  'btn_id' => '2709985',
  'last_name' => 'persone',
  'address_state' => 'CA',
  'receiver_email' => 'seller_1360811542_biz@free.fr',
  'payment_fee' => '',
  'shipping_discount' => '0.00',
  'insurance_amount' => '0.00',
  'receiver_id' => 'UD6LDRVDB4GGE',
  'txn_type' => 'web_accept',
  'item_name' => 'Compte premium 3 mois',
  'discount' => '0.00',
  'mc_currency' => 'EUR',
  'item_number' => '',
  'residence_country' => 'US',
  'test_ipn' => '1',
  'shipping_method' => 'Default',
  'handling_amount' => '0.00',
  'transaction_subject' => 'action=subscribe&uid=1&duration=3',
  'payment_gross' => '',
  'shipping' => '0.00',
  'ipn_track_id' => '27248eeabb35',
)
2013-02-16 17:18:52 : array (
  'mc_gross' => '6.00',
  'protection_eligibility' => 'Ineligible',
  'address_status' => 'confirmed',
  'payer_id' => 'CTTNBYD4MYVKQ',
  'tax' => '0.00',
  'address_street' => '1 Main St',
  'payment_date' => '08:18:44 Feb 16, 2013 PST',
  'payment_status' => 'Completed',
  'charset' => 'windows-1252',
  'address_zip' => '95131',
  'first_name' => 'buy',
  'mc_fee' => '0.48',
  'address_country_code' => 'US',
  'address_name' => 'buy persone',
  'notify_version' => '3.7',
  'custom' => 'action=subscribe&uid=1&duration=3',
  'payer_status' => 'verified',
  'business' => 'seller_1360811542_biz@free.fr',
  'address_country' => 'United States',
  'address_city' => 'San Jose',
  'quantity' => '1',
  'verify_sign' => 'ABlMhpQf-v8KfwiFtyWmFBQoPGfKAKGo.BW8JCiqyV8ibD8TduZfD9ld',
  'payer_email' => 'buyer_1360811488_per@free.fr',
  'txn_id' => '5EE073254G9315409',
  'payment_type' => 'instant',
  'btn_id' => '2710002',
  'last_name' => 'persone',
  'address_state' => 'CA',
  'receiver_email' => 'seller_1360811542_biz@free.fr',
  'payment_fee' => '',
  'shipping_discount' => '0.00',
  'insurance_amount' => '0.00',
  'receiver_id' => 'UD6LDRVDB4GGE',
  'txn_type' => 'web_accept',
  'item_name' => 'Compte premium 3 mois',
  'discount' => '0.00',
  'mc_currency' => 'EUR',
  'item_number' => '',
  'residence_country' => 'US',
  'test_ipn' => '1',
  'shipping_method' => 'Default',
  'handling_amount' => '0.00',
  'transaction_subject' => 'action=subscribe&uid=1&duration=3',
  'payment_gross' => '',
  'shipping' => '0.00',
  'ipn_track_id' => 'f24d5ea26d410',
)
2013-02-16 17:20:42 : array (
  'mc_gross' => '6.00',
  'protection_eligibility' => 'Ineligible',
  'address_status' => 'confirmed',
  'payer_id' => 'CTTNBYD4MYVKQ',
  'tax' => '0.00',
  'address_street' => '1 Main St',
  'payment_date' => '08:20:31 Feb 16, 2013 PST',
  'payment_status' => 'Completed',
  'charset' => 'windows-1252',
  'address_zip' => '95131',
  'first_name' => 'buy',
  'mc_fee' => '0.48',
  'address_country_code' => 'US',
  'address_name' => 'buy persone',
  'notify_version' => '3.7',
  'custom' => 'action=subscribe&uid=1&duration=3',
  'payer_status' => 'verified',
  'business' => 'seller_1360811542_biz@free.fr',
  'address_country' => 'United States',
  'address_city' => 'San Jose',
  'quantity' => '1',
  'verify_sign' => 'A-4SXqIQ6rl1xg3yxD18njwXAN8NAPmfGmKFedqMWMIX6l6GjgBolptD',
  'payer_email' => 'buyer_1360811488_per@free.fr',
  'txn_id' => '0GC60195D61359341',
  'payment_type' => 'instant',
  'btn_id' => '2710003',
  'last_name' => 'persone',
  'address_state' => 'CA',
  'receiver_email' => 'seller_1360811542_biz@free.fr',
  'payment_fee' => '',
  'shipping_discount' => '0.00',
  'insurance_amount' => '0.00',
  'receiver_id' => 'UD6LDRVDB4GGE',
  'txn_type' => 'web_accept',
  'item_name' => 'Compte premium 3 mois',
  'discount' => '0.00',
  'mc_currency' => 'EUR',
  'item_number' => '',
  'residence_country' => 'US',
  'test_ipn' => '1',
  'shipping_method' => 'Default',
  'handling_amount' => '0.00',
  'transaction_subject' => 'action=subscribe&uid=1&duration=3',
  'payment_gross' => '',
  'shipping' => '0.00',
  'ipn_track_id' => '2963e4c12fa38',
)
2013-02-16 17:27:32 : array (
  'mc_gross' => '6.00',
  'protection_eligibility' => 'Ineligible',
  'address_status' => 'confirmed',
  'payer_id' => 'CTTNBYD4MYVKQ',
  'tax' => '0.00',
  'address_street' => '1 Main St',
  'payment_date' => '08:27:23 Feb 16, 2013 PST',
  'payment_status' => 'Completed',
  'charset' => 'windows-1252',
  'address_zip' => '95131',
  'first_name' => 'buy',
  'mc_fee' => '0.48',
  'address_country_code' => 'US',
  'address_name' => 'buy persone',
  'notify_version' => '3.7',
  'custom' => 'action=subscribe&uid=1&duration=3',
  'payer_status' => 'verified',
  'business' => 'seller_1360811542_biz@free.fr',
  'address_country' => 'United States',
  'address_city' => 'San Jose',
  'quantity' => '1',
  'verify_sign' => 'AccZNSla9dZ07VMTejaDooBTZKVwAXmu2sb-ba-GKn17RbXgrUcLbVxh',
  'payer_email' => 'buyer_1360811488_per@free.fr',
  'txn_id' => '6JV91638AL137053A',
  'payment_type' => 'instant',
  'btn_id' => '2710004',
  'last_name' => 'persone',
  'address_state' => 'CA',
  'receiver_email' => 'seller_1360811542_biz@free.fr',
  'payment_fee' => '',
  'shipping_discount' => '0.00',
  'insurance_amount' => '0.00',
  'receiver_id' => 'UD6LDRVDB4GGE',
  'txn_type' => 'web_accept',
  'item_name' => 'Compte premium 3 mois',
  'discount' => '0.00',
  'mc_currency' => 'EUR',
  'item_number' => '',
  'residence_country' => 'US',
  'test_ipn' => '1',
  'shipping_method' => 'Default',
  'handling_amount' => '0.00',
  'transaction_subject' => 'action=subscribe&uid=1&duration=3',
  'payment_gross' => '',
  'shipping' => '0.00',
  'ipn_track_id' => 'c5587adb91f5b',
)